<?xml version="1.0" encoding="UTF-8"?>
<!-- Generated by org.testng.reporters.JUnitXMLReporter -->
<testsuite hostname="LAPTOP-KE07SMCV" ignored="0" name="Default test" tests="3" failures="0" timestamp="2022-03-30T11:47:41 IST" time="51.187" errors="0">
  <testcase name="TC01" time="1.759" classname="testClasses.LoginTestCases1"/>
  <testcase name="TC02" time="0.806" classname="testClasses.LoginTestCases1"/>
  <testcase name="TC03" time="0.608" classname="testClasses.LoginTestCases1"/>
</testsuite> <!-- Default test -->
